\BOOKMARK [1][-]{section.1}{模拟}{}% 1
\BOOKMARK [2][-]{subsection.1.1}{进制转换}{section.1}% 2
\BOOKMARK [1][-]{section.2}{搜索}{}% 3
\BOOKMARK [2][-]{subsection.2.1}{总结}{section.2}% 4
\BOOKMARK [2][-]{subsection.2.2}{三分}{section.2}% 5
\BOOKMARK [3][-]{subsubsection.2.2.1}{整数、浮点数}{subsection.2.2}% 6
\BOOKMARK [3][-]{subsubsection.2.2.2}{求极大值}{subsection.2.2}% 7
\BOOKMARK [2][-]{subsection.2.3}{折半搜索}{section.2}% 8
\BOOKMARK [3][-]{subsubsection.2.3.1}{总结}{subsection.2.3}% 9
\BOOKMARK [2][-]{subsection.2.4}{模拟退火}{section.2}% 10
\BOOKMARK [1][-]{section.3}{贪心}{}% 11
\BOOKMARK [2][-]{subsection.3.1}{加工生产调度}{section.3}% 12
\BOOKMARK [2][-]{subsection.3.2}{反悔贪心}{section.3}% 13
\BOOKMARK [1][-]{section.4}{数论}{}% 14
\BOOKMARK [2][-]{subsection.4.1}{小经验}{section.4}% 15
\BOOKMARK [2][-]{subsection.4.2}{FWT}{section.4}% 16
\BOOKMARK [3][-]{subsubsection.4.2.1}{序列中选 1,2,...,n 个数的最大异或和分别为多少}{subsection.4.2}% 17
\BOOKMARK [2][-]{subsection.4.3}{Min25筛}{section.4}% 18
\BOOKMARK [3][-]{subsubsection.4.3.1}{快速阶层取模}{subsection.4.3}% 19
\BOOKMARK [2][-]{subsection.4.4}{Pohlig-Hellman}{section.4}% 20
\BOOKMARK [3][-]{subsubsection.4.4.1}{总结}{subsection.4.4}% 21
\BOOKMARK [3][-]{subsubsection.4.4.2}{Pohlig-Hellman}{subsection.4.4}% 22
\BOOKMARK [2][-]{subsection.4.5}{二次剩余}{section.4}% 23
\BOOKMARK [3][-]{subsubsection.4.5.1}{总结}{subsection.4.5}% 24
\BOOKMARK [3][-]{subsubsection.4.5.2}{2019牛客多校B}{subsection.4.5}% 25
\BOOKMARK [3][-]{subsubsection.4.5.3}{一元二次方程判断是否有解}{subsection.4.5}% 26
\BOOKMARK [3][-]{subsubsection.4.5.4}{求所有解}{subsection.4.5}% 27
\BOOKMARK [2][-]{subsection.4.6}{反素数}{section.4}% 28
\BOOKMARK [3][-]{subsubsection.4.6.1}{总结}{subsection.4.6}% 29
\BOOKMARK [3][-]{subsubsection.4.6.2}{求不超过n的最小反素数}{subsection.4.6}% 30
\BOOKMARK [3][-]{subsubsection.4.6.3}{求约数个数为n最小反素数}{subsection.4.6}% 31
\BOOKMARK [2][-]{subsection.4.7}{各种筛}{section.4}% 32
\BOOKMARK [3][-]{subsubsection.4.7.1}{x的质因子个数}{subsection.4.7}% 33
\BOOKMARK [3][-]{subsubsection.4.7.2}{矩阵的lcm}{subsection.4.7}% 34
\BOOKMARK [3][-]{subsubsection.4.7.3}{素数+欧拉函数+最小质因子}{subsection.4.7}% 35
\BOOKMARK [2][-]{subsection.4.8}{康托展开}{section.4}% 36
\BOOKMARK [3][-]{subsubsection.4.8.1}{康托展开}{subsection.4.8}% 37
\BOOKMARK [3][-]{subsubsection.4.8.2}{康托逆展开}{subsection.4.8}% 38
\BOOKMARK [2][-]{subsection.4.9}{扩展欧几里得}{section.4}% 39
\BOOKMARK [3][-]{subsubsection.4.9.1}{exgcd}{subsection.4.9}% 40
\BOOKMARK [3][-]{subsubsection.4.9.2}{求同余方程}{subsection.4.9}% 41
\BOOKMARK [2][-]{subsection.4.10}{离散对数}{section.4}% 42
\BOOKMARK [3][-]{subsubsection.4.10.1}{BSGS}{subsection.4.10}% 43
\BOOKMARK [3][-]{subsubsection.4.10.2}{EX_BSGS}{subsection.4.10}% 44
\BOOKMARK [2][-]{subsection.4.11}{欧拉函数}{section.4}% 45
\BOOKMARK [3][-]{subsubsection.4.11.1}{欧拉函数性质}{subsection.4.11}% 46
\BOOKMARK [3][-]{subsubsection.4.11.2}{sqrt\(N\)}{subsection.4.11}% 47
\BOOKMARK [3][-]{subsubsection.4.11.3}{欧拉筛}{subsection.4.11}% 48
\BOOKMARK [3][-]{subsubsection.4.11.4}{N\(̂0.25\)+1e18}{subsection.4.11}% 49
\BOOKMARK [2][-]{subsection.4.12}{欧拉降幂}{section.4}% 50
\BOOKMARK [3][-]{subsubsection.4.12.1}{费马小定理}{subsection.4.12}% 51
\BOOKMARK [3][-]{subsubsection.4.12.2}{欧拉定理}{subsection.4.12}% 52
\BOOKMARK [3][-]{subsubsection.4.12.3}{扩展欧拉定理}{subsection.4.12}% 53
\BOOKMARK [2][-]{subsection.4.13}{排列组合}{section.4}% 54
\BOOKMARK [3][-]{subsubsection.4.13.1}{总结}{subsection.4.13}% 55
\BOOKMARK [3][-]{subsubsection.4.13.2}{排列组合公式}{subsection.4.13}% 56
\BOOKMARK [3][-]{subsubsection.4.13.3}{暴力求法}{subsection.4.13}% 57
\BOOKMARK [3][-]{subsubsection.4.13.4}{线性\(N要小于p\)}{subsection.4.13}% 58
\BOOKMARK [3][-]{subsubsection.4.13.5}{卢卡斯}{subsection.4.13}% 59
\BOOKMARK [3][-]{subsubsection.4.13.6}{扩展卢卡斯}{subsection.4.13}% 60
\BOOKMARK [3][-]{subsubsection.4.13.7}{错排}{subsection.4.13}% 61
\BOOKMARK [2][-]{subsection.4.14}{裴蜀定理}{section.4}% 62
\BOOKMARK [3][-]{subsubsection.4.14.1}{总结}{subsection.4.14}% 63
\BOOKMARK [2][-]{subsection.4.15}{唯一分解定理+约数定理}{section.4}% 64
\BOOKMARK [3][-]{subsubsection.4.15.1}{总结}{subsection.4.15}% 65
\BOOKMARK [3][-]{subsubsection.4.15.2}{约数之和}{subsection.4.15}% 66
\BOOKMARK [3][-]{subsubsection.4.15.3}{求二元倒数方程}{subsection.4.15}% 67
\BOOKMARK [3][-]{subsubsection.4.15.4}{具有N个不同因子的最小正整数}{subsection.4.15}% 68
\BOOKMARK [2][-]{subsection.4.16}{线性基}{section.4}% 69
\BOOKMARK [3][-]{subsubsection.4.16.1}{总结}{subsection.4.16}% 70
\BOOKMARK [3][-]{subsubsection.4.16.2}{验证存在性+最小值+最大值+第K小}{subsection.4.16}% 71
\BOOKMARK [3][-]{subsubsection.4.16.3}{最大异或和路径}{subsection.4.16}% 72
\BOOKMARK [3][-]{subsubsection.4.16.4}{区间询问异或和或上K的最大值}{subsection.4.16}% 73
\BOOKMARK [2][-]{subsection.4.17}{整除分块}{section.4}% 74
\BOOKMARK [3][-]{subsubsection.4.17.1}{总结}{subsection.4.17}% 75
\BOOKMARK [3][-]{subsubsection.4.17.2}{余数求和}{subsection.4.17}% 76
\BOOKMARK [3][-]{subsubsection.4.17.3}{有限小数对数}{subsection.4.17}% 77
\BOOKMARK [2][-]{subsection.4.18}{中国剩余定理}{section.4}% 78
\BOOKMARK [3][-]{subsubsection.4.18.1}{总结}{subsection.4.18}% 79
\BOOKMARK [3][-]{subsubsection.4.18.2}{中国剩余定理}{subsection.4.18}% 80
\BOOKMARK [3][-]{subsubsection.4.18.3}{扩展中国剩余定理}{subsection.4.18}% 81
\BOOKMARK [1][-]{section.5}{图论}{}% 82
\BOOKMARK [2][-]{subsection.5.1}{小经验}{section.5}% 83
\BOOKMARK [2][-]{subsection.5.2}{K短路}{section.5}% 84
\BOOKMARK [3][-]{subsubsection.5.2.1}{Astar}{subsection.5.2}% 85
\BOOKMARK [2][-]{subsection.5.3}{K级祖先}{section.5}% 86
\BOOKMARK [3][-]{subsubsection.5.3.1}{总结}{subsection.5.3}% 87
\BOOKMARK [3][-]{subsubsection.5.3.2}{倍增法}{subsection.5.3}% 88
\BOOKMARK [3][-]{subsubsection.5.3.3}{重链剖分}{subsection.5.3}% 89
\BOOKMARK [3][-]{subsubsection.5.3.4}{长链剖分}{subsection.5.3}% 90
\BOOKMARK [2][-]{subsection.5.4}{LCA}{section.5}% 91
\BOOKMARK [3][-]{subsubsection.5.4.1}{tarjan离线}{subsection.5.4}% 92
\BOOKMARK [3][-]{subsubsection.5.4.2}{倍增法}{subsection.5.4}% 93
\BOOKMARK [3][-]{subsubsection.5.4.3}{树剖法}{subsection.5.4}% 94
\BOOKMARK [2][-]{subsection.5.5}{次小生成树}{section.5}% 95
\BOOKMARK [3][-]{subsubsection.5.5.1}{kruskal+lca}{subsection.5.5}% 96
\BOOKMARK [2][-]{subsection.5.6}{带花树}{section.5}% 97
\BOOKMARK [3][-]{subsubsection.5.6.1}{一般图最大匹配}{subsection.5.6}% 98
\BOOKMARK [3][-]{subsubsection.5.6.2}{一般图最大权匹配}{subsection.5.6}% 99
\BOOKMARK [2][-]{subsection.5.7}{矩阵树定理}{section.5}% 100
\BOOKMARK [3][-]{subsubsection.5.7.1}{总结}{subsection.5.7}% 101
\BOOKMARK [3][-]{subsubsection.5.7.2}{无向图生成树个数}{subsection.5.7}% 102
\BOOKMARK [3][-]{subsubsection.5.7.3}{有\(无\)向图生成树的权值和}{subsection.5.7}% 103
\BOOKMARK [2][-]{subsection.5.8}{判断完全图}{section.5}% 104
\BOOKMARK [3][-]{subsubsection.5.8.1}{判断完全图}{subsection.5.8}% 105
\BOOKMARK [2][-]{subsection.5.9}{树的直径}{section.5}% 106
\BOOKMARK [3][-]{subsubsection.5.9.1}{两次dfs}{subsection.5.9}% 107
\BOOKMARK [2][-]{subsection.5.10}{最短路}{section.5}% 108
\BOOKMARK [3][-]{subsubsection.5.10.1}{Dijkstra堆优化}{subsection.5.10}% 109
\BOOKMARK [3][-]{subsubsection.5.10.2}{Dijkstra配对堆}{subsection.5.10}% 110
\BOOKMARK [2][-]{subsection.5.11}{最小mex生成树}{section.5}% 111
\BOOKMARK [3][-]{subsubsection.5.11.1}{最小mex生成树}{subsection.5.11}% 112
\BOOKMARK [1][-]{section.6}{动态规划}{}% 113
\BOOKMARK [2][-]{subsection.6.1}{总结}{section.6}% 114
\BOOKMARK [2][-]{subsection.6.2}{01背包}{section.6}% 115
\BOOKMARK [3][-]{subsubsection.6.2.1}{前k优解}{subsection.6.2}% 116
\BOOKMARK [3][-]{subsubsection.6.2.2}{求最优解方案个数}{subsection.6.2}% 117
\BOOKMARK [3][-]{subsubsection.6.2.3}{求恰好装满背包的最优解}{subsection.6.2}% 118
\BOOKMARK [3][-]{subsubsection.6.2.4}{求具体方案}{subsection.6.2}% 119
\BOOKMARK [3][-]{subsubsection.6.2.5}{超大背包}{subsection.6.2}% 120
\BOOKMARK [2][-]{subsection.6.3}{完全背包}{section.6}% 121
\BOOKMARK [3][-]{subsubsection.6.3.1}{求最优解方案数}{subsection.6.3}% 122
\BOOKMARK [2][-]{subsection.6.4}{多重背包}{section.6}% 123
\BOOKMARK [3][-]{subsubsection.6.4.1}{总结}{subsection.6.4}% 124
\BOOKMARK [2][-]{subsection.6.5}{分组背包}{section.6}% 125
\BOOKMARK [3][-]{subsubsection.6.5.1}{总结}{subsection.6.5}% 126
\BOOKMARK [2][-]{subsection.6.6}{树形依赖背包}{section.6}% 127
\BOOKMARK [3][-]{subsubsection.6.6.1}{总结}{subsection.6.6}% 128
\BOOKMARK [2][-]{subsection.6.7}{状压dp}{section.6}% 129
\BOOKMARK [3][-]{subsubsection.6.7.1}{总结}{subsection.6.7}% 130
\BOOKMARK [2][-]{subsection.6.8}{区间dp}{section.6}% 131
\BOOKMARK [2][-]{subsection.6.9}{数位dp}{section.6}% 132
\BOOKMARK [2][-]{subsection.6.10}{经典问题}{section.6}% 133
\BOOKMARK [3][-]{subsubsection.6.10.1}{最长上升子序列}{subsection.6.10}% 134
\BOOKMARK [3][-]{subsubsection.6.10.2}{最长公共子序列}{subsection.6.10}% 135
\BOOKMARK [3][-]{subsubsection.6.10.3}{最短不公共子串、子序列}{subsection.6.10}% 136
\BOOKMARK [3][-]{subsubsection.6.10.4}{最长公共上升子序列}{subsection.6.10}% 137
\BOOKMARK [3][-]{subsubsection.6.10.5}{整数划分}{subsection.6.10}% 138
\BOOKMARK [1][-]{section.7}{数据结构}{}% 139
\BOOKMARK [2][-]{subsection.7.1}{CDQ分治}{section.7}% 140
\BOOKMARK [3][-]{subsubsection.7.1.1}{cdq}{subsection.7.1}% 141
\BOOKMARK [3][-]{subsubsection.7.1.2}{数值删除、逆序对个数（排列）}{subsection.7.1}% 142
\BOOKMARK [2][-]{subsection.7.2}{splay}{section.7}% 143
\BOOKMARK [3][-]{subsubsection.7.2.1}{插入x、删除x、查x的排名、查排名为x的数、x的前驱、x的后继}{subsection.7.2}% 144
\BOOKMARK [3][-]{subsubsection.7.2.2}{区间插入、区间删除、区间覆盖、区间翻转、区间求和、最大子段和}{subsection.7.2}% 145
\BOOKMARK [2][-]{subsection.7.3}{dsu\040on\040tree}{section.7}% 146
\BOOKMARK [3][-]{subsubsection.7.3.1}{总结}{subsection.7.3}% 147
\BOOKMARK [3][-]{subsubsection.7.3.2}{CF600E}{subsection.7.3}% 148
\BOOKMARK [3][-]{subsubsection.7.3.3}{CF570D}{subsection.7.3}% 149
\BOOKMARK [3][-]{subsubsection.7.3.4}{CF208E}{subsection.7.3}% 150
\BOOKMARK [3][-]{subsubsection.7.3.5}{CF246E}{subsection.7.3}% 151
\BOOKMARK [3][-]{subsubsection.7.3.6}{CF375D}{subsection.7.3}% 152
\BOOKMARK [3][-]{subsubsection.7.3.7}{CF1009F}{subsection.7.3}% 153
\BOOKMARK [3][-]{subsubsection.7.3.8}{wannafly\040Day2\040E}{subsection.7.3}% 154
\BOOKMARK [3][-]{subsubsection.7.3.9}{ccpc2020长春站F题}{subsection.7.3}% 155
\BOOKMARK [3][-]{subsubsection.7.3.10}{洛谷P4149}{subsection.7.3}% 156
\BOOKMARK [3][-]{subsubsection.7.3.11}{牛客练习赛60E}{subsection.7.3}% 157
\BOOKMARK [3][-]{subsubsection.7.3.12}{牛客练习赛81D}{subsection.7.3}% 158
\BOOKMARK [3][-]{subsubsection.7.3.13}{CF741D}{subsection.7.3}% 159
\BOOKMARK [2][-]{subsection.7.4}{单调栈}{section.7}% 160
\BOOKMARK [2][-]{subsection.7.5}{单调队列}{section.7}% 161
\BOOKMARK [3][-]{subsubsection.7.5.1}{理想正方形}{subsection.7.5}% 162
\BOOKMARK [2][-]{subsection.7.6}{第二分块}{section.7}% 163
\BOOKMARK [3][-]{subsubsection.7.6.1}{将区间内x改为y、区间第k大}{subsection.7.6}% 164
\BOOKMARK [3][-]{subsubsection.7.6.2}{区间大于x的数减去x、区间内x出现的次数}{subsection.7.6}% 165
\BOOKMARK [2][-]{subsection.7.7}{树状数组}{section.7}% 166
\BOOKMARK [3][-]{subsubsection.7.7.1}{二维树状数组}{subsection.7.7}% 167
\BOOKMARK [2][-]{subsection.7.8}{线段树}{section.7}% 168
\BOOKMARK [3][-]{subsubsection.7.8.1}{总结}{subsection.7.8}% 169
\BOOKMARK [3][-]{subsubsection.7.8.2}{01序列、区间覆盖为0、区间覆盖为1、区间取反、区间1的个数、区间最大连续1的个数}{subsection.7.8}% 170
\BOOKMARK [3][-]{subsubsection.7.8.3}{单点修改、区间重排是否在值域上连续}{subsection.7.8}% 171
\BOOKMARK [3][-]{subsubsection.7.8.4}{单点修改、区间最大连续子段和}{subsection.7.8}% 172
\BOOKMARK [3][-]{subsubsection.7.8.5}{动态区间中位数}{subsection.7.8}% 173
\BOOKMARK [3][-]{subsubsection.7.8.6}{区间+k、区间最大连续子段和}{subsection.7.8}% 174
\BOOKMARK [3][-]{subsubsection.7.8.7}{区间+k、区间最大值、区间最小值、区间和}{subsection.7.8}% 175
\BOOKMARK [3][-]{subsubsection.7.8.8}{区间gcd}{subsection.7.8}% 176
\BOOKMARK [3][-]{subsubsection.7.8.9}{区间hash}{subsection.7.8}% 177
\BOOKMARK [3][-]{subsubsection.7.8.10}{区间乘法}{subsection.7.8}% 178
\BOOKMARK [3][-]{subsubsection.7.8.11}{区间覆盖+查询}{subsection.7.8}% 179
\BOOKMARK [3][-]{subsubsection.7.8.12}{区间异或x、区间求和}{subsection.7.8}% 180
\BOOKMARK [3][-]{subsubsection.7.8.13}{区间与、区间或、区间最小值}{subsection.7.8}% 181
\BOOKMARK [3][-]{subsubsection.7.8.14}{树上区间+k、区间×k、区间覆盖、区间立方和}{subsection.7.8}% 182
\BOOKMARK [3][-]{subsubsection.7.8.15}{矩阵+k、矩阵最大值}{subsection.7.8}% 183
\BOOKMARK [2][-]{subsection.7.9}{吉司机线段树}{section.7}% 184
\BOOKMARK [3][-]{subsubsection.7.9.1}{区间+k、区间覆盖、区间最大值、区间历史最大值}{subsection.7.9}% 185
\BOOKMARK [2][-]{subsection.7.10}{主席树}{section.7}% 186
\BOOKMARK [3][-]{subsubsection.7.10.1}{撤销X个操作\(可撤销先前撤销的操作\)}{subsection.7.10}% 187
\BOOKMARK [3][-]{subsubsection.7.10.2}{区间出现次数大于某值的最小数}{subsection.7.10}% 188
\BOOKMARK [3][-]{subsubsection.7.10.3}{区间第K大}{subsection.7.10}% 189
\BOOKMARK [3][-]{subsubsection.7.10.4}{区间内不同数的个数}{subsection.7.10}% 190
\BOOKMARK [3][-]{subsubsection.7.10.5}{区间内只出现过一次的数}{subsection.7.10}% 191
\BOOKMARK [3][-]{subsubsection.7.10.6}{区间询问最小不能被表示的数}{subsection.7.10}% 192
\BOOKMARK [3][-]{subsubsection.7.10.7}{区间众数}{subsection.7.10}% 193
\BOOKMARK [3][-]{subsubsection.7.10.8}{子树中距离其不超过K的最小点权}{subsection.7.10}% 194
\BOOKMARK [2][-]{subsection.7.11}{树套树}{section.7}% 195
\BOOKMARK [3][-]{subsubsection.7.11.1}{单点修改、区间第k大}{subsection.7.11}% 196
\BOOKMARK [3][-]{subsubsection.7.11.2}{数值删除、逆序对数（排列）}{subsection.7.11}% 197
\BOOKMARK [2][-]{subsection.7.12}{块状链表}{section.7}% 198
\BOOKMARK [2][-]{subsection.7.13}{普通并查集}{section.7}% 199
\BOOKMARK [3][-]{subsubsection.7.13.1}{路径压缩}{subsection.7.13}% 200
\BOOKMARK [3][-]{subsubsection.7.13.2}{按秩合并}{subsection.7.13}% 201
\BOOKMARK [3][-]{subsubsection.7.13.3}{启发式合并+路径压缩}{subsection.7.13}% 202
\BOOKMARK [2][-]{subsection.7.14}{种类并查集}{section.7}% 203
\BOOKMARK [2][-]{subsection.7.15}{可撤销并查集}{section.7}% 204
\BOOKMARK [3][-]{subsubsection.7.15.1}{可撤销并查集}{subsection.7.15}% 205
\BOOKMARK [3][-]{subsubsection.7.15.2}{加边、删边、判二分图}{subsection.7.15}% 206
\BOOKMARK [3][-]{subsubsection.7.15.3}{加边、删边、判联通}{subsection.7.15}% 207
\BOOKMARK [2][-]{subsection.7.16}{可持久化并查集}{section.7}% 208
\BOOKMARK [3][-]{subsubsection.7.16.1}{总结}{subsection.7.16}% 209
\BOOKMARK [3][-]{subsubsection.7.16.2}{可持久化并查集}{subsection.7.16}% 210
\BOOKMARK [2][-]{subsection.7.17}{带权并查集}{section.7}% 211
\BOOKMARK [3][-]{subsubsection.7.17.1}{带权并查集}{subsection.7.17}% 212
\BOOKMARK [2][-]{subsection.7.18}{双指针}{section.7}% 213
\BOOKMARK [1][-]{section.8}{字符串}{}% 214
\BOOKMARK [2][-]{subsection.8.1}{字典树}{section.8}% 215
\BOOKMARK [3][-]{subsubsection.8.1.1}{指针版（释放内存）}{subsection.8.1}% 216
\BOOKMARK [3][-]{subsubsection.8.1.2}{字典树}{subsection.8.1}% 217
\BOOKMARK [2][-]{subsection.8.2}{字符串hash}{section.8}% 218
\BOOKMARK [3][-]{subsubsection.8.2.1}{总结}{subsection.8.2}% 219
\BOOKMARK [3][-]{subsubsection.8.2.2}{字符串hash}{subsection.8.2}% 220
\BOOKMARK [3][-]{subsubsection.8.2.3}{二维hash、矩阵hash}{subsection.8.2}% 221
\BOOKMARK [1][-]{section.9}{头脑风暴}{}% 222
\BOOKMARK [2][-]{subsection.9.1}{dp合集}{section.9}% 223
\BOOKMARK [3][-]{subsubsection.9.1.1}{不等式约束（牛客）}{subsection.9.1}% 224
\BOOKMARK [3][-]{subsubsection.9.1.2}{三元组的约束（AT）}{subsection.9.1}% 225
\BOOKMARK [2][-]{subsection.9.2}{等差子序列}{section.9}% 226
\BOOKMARK [3][-]{subsubsection.9.2.1}{总结}{subsection.9.2}% 227
\BOOKMARK [2][-]{subsection.9.3}{回文问题}{section.9}% 228
\BOOKMARK [3][-]{subsubsection.9.3.1}{寻找回文路径（AT）}{subsection.9.3}% 229
\BOOKMARK [2][-]{subsection.9.4}{排列问题}{section.9}% 230
\BOOKMARK [3][-]{subsubsection.9.4.1}{字典序最小的（排列&子序列）}{subsection.9.4}% 231
\BOOKMARK [2][-]{subsection.9.5}{区间多次询问问题}{section.9}% 232
\BOOKMARK [3][-]{subsubsection.9.5.1}{从区间中选出两个数使得异或值最大}{subsection.9.5}% 233
\BOOKMARK [2][-]{subsection.9.6}{数论只会gcd？}{section.9}% 234
\BOOKMARK [3][-]{subsubsection.9.6.1}{求给定范围内gcd为素数的数对有多少？}{subsection.9.6}% 235
\BOOKMARK [3][-]{subsubsection.9.6.2}{求给定范围内gcd为素数的数对有多少？}{subsection.9.6}% 236
\BOOKMARK [3][-]{subsubsection.9.6.3}{单点乘法取模+整体gcd}{subsection.9.6}% 237
\BOOKMARK [3][-]{subsubsection.9.6.4}{给定c,d,x求满足c×lcm\(a,b\) - d×gcd\(a,b\) = x 的 \(a,b\) 的对数}{subsection.9.6}% 238
\BOOKMARK [2][-]{subsection.9.7}{以子串为单位的倍增思想}{section.9}% 239
\BOOKMARK [3][-]{subsubsection.9.7.1}{以子串为单位的倍增思想}{subsection.9.7}% 240
\BOOKMARK [2][-]{subsection.9.8}{最大字段和问题}{section.9}% 241
\BOOKMARK [3][-]{subsubsection.9.8.1}{从序列中选出K个子串使得子串和最大}{subsection.9.8}% 242
\BOOKMARK [1][-]{section.10}{杂项}{}% 243
\BOOKMARK [2][-]{subsection.10.1}{对拍}{section.10}% 244
\BOOKMARK [3][-]{subsubsection.10.1.1}{ac.cpp}{subsection.10.1}% 245
\BOOKMARK [3][-]{subsubsection.10.1.2}{wa.cpp}{subsection.10.1}% 246
\BOOKMARK [3][-]{subsubsection.10.1.3}{data.cpp}{subsection.10.1}% 247
\BOOKMARK [3][-]{subsubsection.10.1.4}{duipai.cpp}{subsection.10.1}% 248
\BOOKMARK [2][-]{subsection.10.2}{素数表}{section.10}% 249
\BOOKMARK [2][-]{subsection.10.3}{小tricks}{section.10}% 250
\BOOKMARK [2][-]{subsection.10.4}{玄学优化}{section.10}% 251
\BOOKMARK [2][-]{subsection.10.5}{头文件}{section.10}% 252
\BOOKMARK [1][-]{section.11}{赛前看一看}{}% 253
\BOOKMARK [2][-]{subsection.11.1}{错误征集}{section.11}% 254
\BOOKMARK [2][-]{subsection.11.2}{运行结果和自己预期的不一样？}{section.11}% 255
